[2024-10-25 16:19:47] Le contenu de toutes les tables a été supprimé avec succès.
[2024-10-25 16:23:05] Le contenu de toutes les tables a été supprimé avec succès.
[2024-10-25 16:23:32] Le contenu de toutes les tables a été supprimé avec succès.
[2024-10-25 16:23:33] Le contenu de toutes les tables a été supprimé avec succès.
[2024-10-25 16:23:33] Le contenu de toutes les tables a été supprimé avec succès.
[2024-10-25 16:23:33] Le contenu de toutes les tables a été supprimé avec succès.
[2024-10-25 16:23:33] Le contenu de toutes les tables a été supprimé avec succès.
[2024-10-25 16:25:02] Le contenu de toutes les tables a été supprimé avec succès.
[2024-10-25 16:25:02] Nouvelle saison créée avec succès : Début - 2024-10-25, Fin - 2025-01-25
[2024-10-25 16:25:02] La date actuelle est inférieure à la date limite. Aucune suppression n'a été effectuée.
[2024-10-25 16:25:02] La date actuelle est inférieure à la date limite. Aucune suppression n'a été effectuée.
[2024-10-25 16:25:03] La date actuelle est inférieure à la date limite. Aucune suppression n'a été effectuée.
[2024-10-25 16:25:03] La date actuelle est inférieure à la date limite. Aucune suppression n'a été effectuée.
[2024-10-25 16:25:03] La date actuelle est inférieure à la date limite. Aucune suppression n'a été effectuée.
[2024-11-08 11:00:12] Le top 10 des clans n'a pas pu être récupéré correctement.
[2024-11-08 11:00:12] Le contenu de toutes les tables a été supprimé avec succès.
[2024-11-08 11:00:12] Nouvelle saison créée avec succès : Début - 2024-11-08, Fin - 2025-02-08
[2024-11-08 11:03:55] Top 10 des clans ajouté au leaderboard avec succès.
[2024-11-08 11:03:55] Le contenu de toutes les tables a été supprimé avec succès.
[2024-11-08 11:03:55] Nouvelle saison créée avec succès : Début - 2024-11-08, Fin - 2025-02-08
[2024-11-08 11:20:21] Top 10 des clans ajouté au leaderboard avec succès.
[2024-11-08 11:20:21] Le contenu de toutes les tables a été supprimé avec succès.
[2024-11-08 11:20:21] Nouvelle saison créée avec succès : Début - 2024-11-08, Fin - 2025-02-08
[2024-11-08 11:21:50] Top 10 des clans ajouté au leaderboard avec succès.
[2024-11-08 11:21:50] Le contenu de toutes les tables a été supprimé avec succès.
[2024-11-08 11:21:50] Nouvelle saison créée avec succès : Début - 2024-11-08, Fin - 2025-02-08
